Connecting to database specified by database.yml
Connecting to database specified by database.yml
Connecting to database specified by database.yml
  [1m[36m (0.1ms)[0m  [1mselect sqlite_version(*)[0m
  [1m[35m (42.0ms)[0m  CREATE TABLE "schema_migrations" ("version" varchar(255) NOT NULL) 
  [1m[36m (0.1ms)[0m  [1mPRAGMA index_list("schema_migrations")[0m
  [1m[35m (1.8ms)[0m  CREATE UNIQUE INDEX "unique_schema_migrations" ON "schema_migrations" ("version")
  [1m[36m (0.1ms)[0m  [1mSELECT "schema_migrations"."version" FROM "schema_migrations" [0m
Migrating to CreateUsers (20121109013159)
  [1m[35m (0.1ms)[0m  begin transaction
  [1m[36m (0.5ms)[0m  [1mCREATE TABLE "users" ("id" INTEGER PRIMARY KEY AUTOINCREMENT NOT NULL, "email" varchar(255), "password" varchar(255), "created_at" datetime NOT NULL, "updated_at" datetime NOT NULL) [0m
  [1m[35m (0.1ms)[0m  INSERT INTO "schema_migrations" ("version") VALUES ('20121109013159')
  [1m[36m (1.2ms)[0m  [1mcommit transaction[0m
Migrating to CreateAddresses (20121109013222)
  [1m[35m (0.1ms)[0m  begin transaction
  [1m[36m (0.1ms)[0m  [1mrollback transaction[0m
Connecting to database specified by database.yml
  [1m[36m (0.1ms)[0m  [1mSELECT "schema_migrations"."version" FROM "schema_migrations" [0m
Migrating to CreateUsers (20121109013159)
Migrating to CreateAddresses (20121109013222)
  [1m[35m (0.0ms)[0m  select sqlite_version(*)
  [1m[36m (0.0ms)[0m  [1mbegin transaction[0m
  [1m[35m (0.4ms)[0m  CREATE TABLE "addresses" ("id" INTEGER PRIMARY KEY AUTOINCREMENT NOT NULL, "address1" varchar(255), "address2" varchar(255), "city" varchar(255), "zipcode" varchar(255), "state" varchar(255), "country" varchar(255), "user_id" integer, "created_at" datetime NOT NULL, "updated_at" datetime NOT NULL) 
  [1m[36m (0.1ms)[0m  [1mINSERT INTO "schema_migrations" ("version") VALUES ('20121109013222')[0m
  [1m[35m (2.7ms)[0m  commit transaction
  [1m[36m (0.3ms)[0m  [1mselect sqlite_version(*)[0m
  [1m[35m (0.1ms)[0m  SELECT "schema_migrations"."version" FROM "schema_migrations" 
  [1m[36m (0.0ms)[0m  [1mPRAGMA index_list("addresses")[0m
  [1m[35m (0.0ms)[0m  PRAGMA index_list("users")
Connecting to database specified by database.yml
Connecting to database specified by database.yml
  [1m[36m (0.1ms)[0m  [1mSELECT "schema_migrations"."version" FROM "schema_migrations" [0m
  [1m[35m (0.1ms)[0m  SELECT "schema_migrations"."version" FROM "schema_migrations" 
Migrating to CreateAddresses (20121109013222)
  [1m[36m (0.0ms)[0m  [1mselect sqlite_version(*)[0m
  [1m[35m (0.0ms)[0m  begin transaction
  [1m[36m (0.4ms)[0m  [1mDROP TABLE "addresses"[0m
  [1m[35m (0.1ms)[0m  DELETE FROM "schema_migrations" WHERE "schema_migrations"."version" = '20121109013222'
  [1m[36m (2.5ms)[0m  [1mcommit transaction[0m
  [1m[35m (0.2ms)[0m  select sqlite_version(*)
  [1m[36m (0.1ms)[0m  [1mSELECT "schema_migrations"."version" FROM "schema_migrations" [0m
  [1m[35m (0.0ms)[0m  PRAGMA index_list("users")
Connecting to database specified by database.yml
  [1m[36m (0.1ms)[0m  [1mSELECT "schema_migrations"."version" FROM "schema_migrations" [0m
  [1m[35m (0.1ms)[0m  SELECT "schema_migrations"."version" FROM "schema_migrations" 
Migrating to CreateUsers (20121109013159)
  [1m[36m (0.0ms)[0m  [1mselect sqlite_version(*)[0m
  [1m[35m (0.0ms)[0m  begin transaction
  [1m[36m (0.4ms)[0m  [1mDROP TABLE "users"[0m
  [1m[35m (0.1ms)[0m  DELETE FROM "schema_migrations" WHERE "schema_migrations"."version" = '20121109013159'
  [1m[36m (2.5ms)[0m  [1mcommit transaction[0m
  [1m[35m (0.2ms)[0m  select sqlite_version(*)
  [1m[36m (0.1ms)[0m  [1mSELECT "schema_migrations"."version" FROM "schema_migrations" [0m
Connecting to database specified by database.yml
Connecting to database specified by database.yml
  [1m[36m (0.1ms)[0m  [1mSELECT "schema_migrations"."version" FROM "schema_migrations" [0m
Migrating to CreateAddresses (20121109014222)
  [1m[35m (0.0ms)[0m  select sqlite_version(*)
  [1m[36m (0.1ms)[0m  [1mbegin transaction[0m
  [1m[35m (0.4ms)[0m  CREATE TABLE "addresses" ("id" INTEGER PRIMARY KEY AUTOINCREMENT NOT NULL, "address1" varchar(255), "address2" varchar(255), "city" varchar(255), "zipcode" varchar(255), "state" varchar(255), "country" varchar(255), "user_id" integer, "created_at" datetime NOT NULL, "updated_at" datetime NOT NULL) 
  [1m[36m (0.1ms)[0m  [1mINSERT INTO "schema_migrations" ("version") VALUES ('20121109014222')[0m
  [1m[35m (2.6ms)[0m  commit transaction
Migrating to CreateUsers (20121109014223)
  [1m[36m (0.0ms)[0m  [1mbegin transaction[0m
  [1m[35m (0.3ms)[0m  CREATE TABLE "users" ("id" INTEGER PRIMARY KEY AUTOINCREMENT NOT NULL, "email" varchar(255), "password" varchar(255), "created_at" datetime NOT NULL, "updated_at" datetime NOT NULL) 
  [1m[36m (0.1ms)[0m  [1mINSERT INTO "schema_migrations" ("version") VALUES ('20121109014223')[0m
  [1m[35m (1.2ms)[0m  commit transaction
  [1m[36m (0.3ms)[0m  [1mselect sqlite_version(*)[0m
  [1m[35m (0.1ms)[0m  SELECT "schema_migrations"."version" FROM "schema_migrations" 
  [1m[36m (0.0ms)[0m  [1mPRAGMA index_list("addresses")[0m
  [1m[35m (0.0ms)[0m  PRAGMA index_list("users")
Connecting to database specified by database.yml


Started GET "/assets/rails.png" for 127.0.0.1 at 2012-11-08 20:35:53 -0500
Connecting to database specified by database.yml
Served asset /rails.png - 200 OK (4ms)


Started GET "/users" for 127.0.0.1 at 2012-11-08 20:36:00 -0500
Processing by UsersController#index as HTML
  [1m[36mUser Load (0.1ms)[0m  [1mSELECT "users".* FROM "users" [0m
  Rendered users/index.html.erb within layouts/application (8.8ms)
Compiled scaffolds.css  (21ms)  (pid 2991)
Compiled users.css  (1ms)  (pid 2991)
Compiled application.css  (52ms)  (pid 2991)
Compiled jquery.js  (4ms)  (pid 2991)
Compiled jquery_ujs.js  (0ms)  (pid 2991)
Compiled users.js  (88ms)  (pid 2991)
Compiled application.js  (134ms)  (pid 2991)
Completed 200 OK in 353ms (Views: 291.9ms | ActiveRecord: 5.9ms)


Started GET "/assets/scaffolds.css?body=1" for 127.0.0.1 at 2012-11-08 20:36:00 -0500
Served asset /scaffolds.css - 200 OK (2ms)


Started GET "/assets/application.css?body=1" for 127.0.0.1 at 2012-11-08 20:36:00 -0500
Served asset /application.css - 200 OK (4ms)


Started GET "/assets/jquery.js?body=1" for 127.0.0.1 at 2012-11-08 20:36:00 -0500
Served asset /jquery.js - 304 Not Modified (3ms)


Started GET "/assets/jquery_ujs.js?body=1" for 127.0.0.1 at 2012-11-08 20:36:00 -0500
Served asset /jquery_ujs.js - 304 Not Modified (3ms)


Started GET "/assets/users.css?body=1" for 127.0.0.1 at 2012-11-08 20:36:00 -0500
Served asset /users.css - 200 OK (2ms)


Started GET "/assets/users.js?body=1" for 127.0.0.1 at 2012-11-08 20:36:00 -0500
Served asset /users.js - 200 OK (2ms)


Started GET "/assets/application.js?body=1" for 127.0.0.1 at 2012-11-08 20:36:00 -0500
Served asset /application.js - 200 OK (5ms)


Started GET "/users/new" for 127.0.0.1 at 2012-11-08 20:36:03 -0500
Processing by UsersController#new as HTML
  Rendered users/_form.html.erb (4.9ms)
  Rendered users/new.html.erb within layouts/application (12.3ms)
Completed 200 OK in 22ms (Views: 16.8ms | ActiveRecord: 0.0ms)


Started GET "/assets/jquery_ujs.js?body=1" for 127.0.0.1 at 2012-11-08 20:36:03 -0500
Served asset /jquery_ujs.js - 304 Not Modified (0ms)


Started GET "/assets/jquery.js?body=1" for 127.0.0.1 at 2012-11-08 20:36:03 -0500
Served asset /jquery.js - 304 Not Modified (0ms)


Started POST "/users" for 127.0.0.1 at 2012-11-08 20:36:07 -0500
Processing by UsersController#create as HTML
  Parameters: {"utf8"=>"✓", "authenticity_token"=>"TpFXL8U/KkQyP5GSn3aPymOhy9W4iDQQOdyigGX/yYI=", "user"=>{"email"=>"foo", "password"=>"[FILTERED]"}, "commit"=>"Create User"}
  [1m[35m (0.1ms)[0m  begin transaction
  [1m[36mSQL (30.6ms)[0m  [1mINSERT INTO "users" ("created_at", "email", "password", "updated_at") VALUES (?, ?, ?, ?)[0m  [["created_at", Fri, 09 Nov 2012 01:36:07 UTC +00:00], ["email", "foo"], ["password", "bar"], ["updated_at", Fri, 09 Nov 2012 01:36:07 UTC +00:00]]
  [1m[35m (1.7ms)[0m  commit transaction
Redirected to http://localhost:3000/users/1
Completed 302 Found in 36ms (ActiveRecord: 32.3ms)


Started GET "/users/1" for 127.0.0.1 at 2012-11-08 20:36:08 -0500
Processing by UsersController#show as HTML
  Parameters: {"id"=>"1"}
  [1m[36mUser Load (0.2ms)[0m  [1mSELECT "users".* FROM "users" WHERE "users"."id" = ? LIMIT 1[0m  [["id", "1"]]
  Rendered users/show.html.erb within layouts/application (1.0ms)
Completed 200 OK in 7ms (Views: 5.3ms | ActiveRecord: 0.2ms)


Started GET "/assets/scaffolds.css?body=1" for 127.0.0.1 at 2012-11-08 20:36:08 -0500
Served asset /scaffolds.css - 304 Not Modified (0ms)


Started GET "/assets/users.css?body=1" for 127.0.0.1 at 2012-11-08 20:36:08 -0500
Served asset /users.css - 304 Not Modified (0ms)


Started GET "/assets/jquery.js?body=1" for 127.0.0.1 at 2012-11-08 20:36:08 -0500
Served asset /jquery.js - 304 Not Modified (0ms)


Started GET "/assets/jquery_ujs.js?body=1" for 127.0.0.1 at 2012-11-08 20:36:08 -0500
Served asset /jquery_ujs.js - 304 Not Modified (0ms)


Started GET "/assets/users.js?body=1" for 127.0.0.1 at 2012-11-08 20:36:08 -0500
Served asset /users.js - 304 Not Modified (0ms)


Started GET "/users/1" for 127.0.0.1 at 2012-11-08 20:37:16 -0500
Processing by UsersController#show as HTML
  Parameters: {"id"=>"1"}
  [1m[35mUser Load (0.1ms)[0m  SELECT "users".* FROM "users" WHERE "users"."id" = ? LIMIT 1  [["id", "1"]]
  Rendered users/show.html.erb within layouts/application (0.6ms)
Completed 200 OK in 11ms (Views: 5.1ms | ActiveRecord: 0.5ms)


Started GET "/assets/application.css?body=1" for 127.0.0.1 at 2012-11-08 20:37:17 -0500
Served asset /application.css - 304 Not Modified (0ms)


Started GET "/assets/scaffolds.css?body=1" for 127.0.0.1 at 2012-11-08 20:37:17 -0500
Served asset /scaffolds.css - 304 Not Modified (0ms)


Started GET "/assets/users.css?body=1" for 127.0.0.1 at 2012-11-08 20:37:17 -0500
Served asset /users.css - 304 Not Modified (0ms)


Started GET "/assets/jquery_ujs.js?body=1" for 127.0.0.1 at 2012-11-08 20:37:17 -0500
Served asset /jquery_ujs.js - 304 Not Modified (0ms)


Started GET "/assets/jquery.js?body=1" for 127.0.0.1 at 2012-11-08 20:37:17 -0500
Served asset /jquery.js - 304 Not Modified (0ms)


Started GET "/assets/users.js?body=1" for 127.0.0.1 at 2012-11-08 20:37:17 -0500
Served asset /users.js - 304 Not Modified (0ms)


Started GET "/assets/application.js?body=1" for 127.0.0.1 at 2012-11-08 20:37:17 -0500
Served asset /application.js - 304 Not Modified (0ms)


Started GET "/users" for 127.0.0.1 at 2012-11-08 20:37:20 -0500
Processing by UsersController#index as HTML
  [1m[36mUser Load (0.2ms)[0m  [1mSELECT "users".* FROM "users" [0m
  Rendered users/index.html.erb within layouts/application (1.6ms)
Completed 200 OK in 7ms (Views: 5.5ms | ActiveRecord: 0.2ms)


Started GET "/assets/application.css?body=1" for 127.0.0.1 at 2012-11-08 20:37:20 -0500
Served asset /application.css - 304 Not Modified (0ms)


Started GET "/assets/scaffolds.css?body=1" for 127.0.0.1 at 2012-11-08 20:37:20 -0500
Served asset /scaffolds.css - 304 Not Modified (0ms)


Started GET "/assets/users.css?body=1" for 127.0.0.1 at 2012-11-08 20:37:20 -0500
Served asset /users.css - 304 Not Modified (0ms)


Started GET "/assets/jquery_ujs.js?body=1" for 127.0.0.1 at 2012-11-08 20:37:20 -0500
Served asset /jquery_ujs.js - 304 Not Modified (0ms)


Started GET "/assets/users.js?body=1" for 127.0.0.1 at 2012-11-08 20:37:20 -0500
Served asset /users.js - 304 Not Modified (0ms)


Started GET "/assets/jquery.js?body=1" for 127.0.0.1 at 2012-11-08 20:37:20 -0500
Served asset /jquery.js - 304 Not Modified (0ms)


Started GET "/assets/application.js?body=1" for 127.0.0.1 at 2012-11-08 20:37:20 -0500
Served asset /application.js - 304 Not Modified (0ms)


Started GET "/users/1/edit" for 127.0.0.1 at 2012-11-08 20:37:23 -0500
Processing by UsersController#edit as HTML
  Parameters: {"id"=>"1"}
  [1m[35mUser Load (0.1ms)[0m  SELECT "users".* FROM "users" WHERE "users"."id" = ? LIMIT 1  [["id", "1"]]
  Rendered users/_form.html.erb (1.9ms)
  Rendered users/edit.html.erb within layouts/application (3.1ms)
Completed 200 OK in 8ms (Views: 6.9ms | ActiveRecord: 0.1ms)


Started GET "/assets/application.css?body=1" for 127.0.0.1 at 2012-11-08 20:37:23 -0500
Served asset /application.css - 304 Not Modified (0ms)


Started GET "/assets/jquery.js?body=1" for 127.0.0.1 at 2012-11-08 20:37:23 -0500
Served asset /jquery.js - 304 Not Modified (0ms)


Started GET "/assets/jquery_ujs.js?body=1" for 127.0.0.1 at 2012-11-08 20:37:23 -0500
Served asset /jquery_ujs.js - 304 Not Modified (0ms)


Started GET "/assets/users.css?body=1" for 127.0.0.1 at 2012-11-08 20:37:23 -0500
Served asset /users.css - 304 Not Modified (0ms)


Started GET "/assets/users.js?body=1" for 127.0.0.1 at 2012-11-08 20:37:23 -0500
Served asset /users.js - 304 Not Modified (0ms)


Started GET "/assets/scaffolds.css?body=1" for 127.0.0.1 at 2012-11-08 20:37:23 -0500
Served asset /scaffolds.css - 304 Not Modified (0ms)


Started GET "/assets/application.js?body=1" for 127.0.0.1 at 2012-11-08 20:37:23 -0500
Served asset /application.js - 304 Not Modified (0ms)


Started GET "/users/1" for 127.0.0.1 at 2012-11-08 20:45:22 -0500
Connecting to database specified by database.yml
Processing by UsersController#show as HTML
  Parameters: {"id"=>"1"}
  [1m[36mUser Load (0.2ms)[0m  [1mSELECT "users".* FROM "users" WHERE "users"."id" = ? LIMIT 1[0m  [["id", "1"]]
  Rendered users/show.html.erb within layouts/application (8.8ms)
Completed 200 OK in 142ms (Views: 72.5ms | ActiveRecord: 5.8ms)


Started GET "/assets/scaffolds.css?body=1" for 127.0.0.1 at 2012-11-08 20:45:23 -0500
Served asset /scaffolds.css - 304 Not Modified (3ms)


Started GET "/assets/users.css?body=1" for 127.0.0.1 at 2012-11-08 20:45:23 -0500
Served asset /users.css - 304 Not Modified (2ms)


Started GET "/assets/jquery.js?body=1" for 127.0.0.1 at 2012-11-08 20:45:23 -0500
Served asset /jquery.js - 304 Not Modified (2ms)


Started GET "/assets/jquery_ujs.js?body=1" for 127.0.0.1 at 2012-11-08 20:45:23 -0500
Served asset /jquery_ujs.js - 304 Not Modified (2ms)


Started GET "/assets/application.css?body=1" for 127.0.0.1 at 2012-11-08 20:45:23 -0500
Served asset /application.css - 304 Not Modified (4ms)


Started GET "/assets/users.js?body=1" for 127.0.0.1 at 2012-11-08 20:45:23 -0500
Served asset /users.js - 304 Not Modified (1ms)


Started GET "/assets/application.js?body=1" for 127.0.0.1 at 2012-11-08 20:45:23 -0500
Served asset /application.js - 304 Not Modified (5ms)


Started GET "/users" for 127.0.0.1 at 2012-11-08 20:45:26 -0500
Processing by UsersController#index as HTML
  [1m[35mUser Load (0.1ms)[0m  SELECT "users".* FROM "users" 
  Rendered users/index.html.erb within layouts/application (2.2ms)
Completed 200 OK in 8ms (Views: 6.4ms | ActiveRecord: 0.1ms)


Started GET "/assets/scaffolds.css?body=1" for 127.0.0.1 at 2012-11-08 20:45:26 -0500
Served asset /scaffolds.css - 304 Not Modified (0ms)


Started GET "/assets/application.css?body=1" for 127.0.0.1 at 2012-11-08 20:45:26 -0500
Served asset /application.css - 304 Not Modified (0ms)


Started GET "/assets/users.css?body=1" for 127.0.0.1 at 2012-11-08 20:45:26 -0500
Served asset /users.css - 304 Not Modified (0ms)


Started GET "/assets/jquery.js?body=1" for 127.0.0.1 at 2012-11-08 20:45:26 -0500
Served asset /jquery.js - 304 Not Modified (0ms)


Started GET "/assets/jquery_ujs.js?body=1" for 127.0.0.1 at 2012-11-08 20:45:26 -0500
Served asset /jquery_ujs.js - 304 Not Modified (0ms)


Started GET "/assets/users.js?body=1" for 127.0.0.1 at 2012-11-08 20:45:26 -0500
Served asset /users.js - 304 Not Modified (0ms)


Started GET "/assets/application.js?body=1" for 127.0.0.1 at 2012-11-08 20:45:26 -0500
Served asset /application.js - 304 Not Modified (0ms)


Started GET "/users/1/edit" for 127.0.0.1 at 2012-11-08 20:45:29 -0500
Processing by UsersController#edit as HTML
  Parameters: {"id"=>"1"}
  [1m[36mUser Load (0.1ms)[0m  [1mSELECT "users".* FROM "users" WHERE "users"."id" = ? LIMIT 1[0m  [["id", "1"]]
  Rendered users/_form.html.erb (4.2ms)
  Rendered users/edit.html.erb within layouts/application (11.5ms)
Completed 200 OK in 17ms (Views: 15.7ms | ActiveRecord: 0.1ms)


Started GET "/assets/scaffolds.css?body=1" for 127.0.0.1 at 2012-11-08 20:45:29 -0500
Served asset /scaffolds.css - 304 Not Modified (0ms)


Started GET "/assets/application.css?body=1" for 127.0.0.1 at 2012-11-08 20:45:29 -0500
Served asset /application.css - 304 Not Modified (0ms)


Started GET "/assets/users.css?body=1" for 127.0.0.1 at 2012-11-08 20:45:29 -0500
Served asset /users.css - 304 Not Modified (0ms)


Started GET "/assets/jquery.js?body=1" for 127.0.0.1 at 2012-11-08 20:45:29 -0500
Served asset /jquery.js - 304 Not Modified (0ms)


Started GET "/assets/jquery_ujs.js?body=1" for 127.0.0.1 at 2012-11-08 20:45:29 -0500
Served asset /jquery_ujs.js - 304 Not Modified (0ms)


Started GET "/assets/users.js?body=1" for 127.0.0.1 at 2012-11-08 20:45:29 -0500
Served asset /users.js - 304 Not Modified (0ms)


Started GET "/assets/application.js?body=1" for 127.0.0.1 at 2012-11-08 20:45:29 -0500
Served asset /application.js - 304 Not Modified (0ms)


Started GET "/users/1/edit" for 127.0.0.1 at 2012-11-08 20:49:53 -0500
Connecting to database specified by database.yml
Processing by UsersController#edit as HTML
  Parameters: {"id"=>"1"}
  [1m[36mUser Load (0.2ms)[0m  [1mSELECT "users".* FROM "users" WHERE "users"."id" = ? LIMIT 1[0m  [["id", "1"]]
  [1m[35mAddress Load (0.1ms)[0m  SELECT "addresses".* FROM "addresses" WHERE "addresses"."user_id" = 1
  Rendered users/_form.html.erb (54.8ms)
  Rendered users/edit.html.erb within layouts/application (86.2ms)
Compiled jquery_nested_form.js  (0ms)  (pid 3210)
Compiled application.js  (8ms)  (pid 3210)
Completed 200 OK in 211ms (Views: 161.2ms | ActiveRecord: 6.1ms)


Started GET "/assets/application.css?body=1" for 127.0.0.1 at 2012-11-08 20:49:53 -0500
Served asset /application.css - 304 Not Modified (11ms)


Started GET "/assets/scaffolds.css?body=1" for 127.0.0.1 at 2012-11-08 20:49:53 -0500
Served asset /scaffolds.css - 304 Not Modified (2ms)


Started GET "/assets/users.css?body=1" for 127.0.0.1 at 2012-11-08 20:49:53 -0500
Served asset /users.css - 304 Not Modified (3ms)


Started GET "/assets/jquery.js?body=1" for 127.0.0.1 at 2012-11-08 20:49:53 -0500
Served asset /jquery.js - 304 Not Modified (2ms)


Started GET "/assets/users.js?body=1" for 127.0.0.1 at 2012-11-08 20:49:53 -0500
Served asset /users.js - 304 Not Modified (1ms)


Started GET "/assets/jquery_ujs.js?body=1" for 127.0.0.1 at 2012-11-08 20:49:53 -0500
Served asset /jquery_ujs.js - 304 Not Modified (2ms)


Started GET "/assets/jquery_nested_form.js?body=1" for 127.0.0.1 at 2012-11-08 20:49:53 -0500
Served asset /jquery_nested_form.js - 200 OK (2ms)


Started GET "/assets/application.js?body=1" for 127.0.0.1 at 2012-11-08 20:49:53 -0500
Served asset /application.js - 200 OK (6ms)


Started PUT "/users/1" for 127.0.0.1 at 2012-11-08 20:50:01 -0500
Processing by UsersController#update as HTML
  Parameters: {"utf8"=>"✓", "authenticity_token"=>"TpFXL8U/KkQyP5GSn3aPymOhy9W4iDQQOdyigGX/yYI=", "user"=>{"email"=>"foo", "password"=>"[FILTERED]", "addresses_attributes"=>{"1352425796395"=>{"address1"=>"test", "_destroy"=>"false"}}}, "commit"=>"Update User", "id"=>"1"}
  [1m[36mUser Load (0.1ms)[0m  [1mSELECT "users".* FROM "users" WHERE "users"."id" = ? LIMIT 1[0m  [["id", "1"]]
  [1m[35m (0.1ms)[0m  begin transaction
  [1m[36m (0.0ms)[0m  [1mrollback transaction[0m
Completed 500 Internal Server Error in 2ms

ActiveModel::MassAssignmentSecurity::Error (Can't mass-assign protected attributes: addresses_attributes):
  app/controllers/users_controller.rb:62:in `block in update'
  app/controllers/users_controller.rb:61:in `update'


  Rendered /Users/jpcutler/.rvm/gems/ruby-1.9.2-p290@haml_nested_form/gems/actionpack-3.2.8/lib/action_dispatch/middleware/templates/rescues/_trace.erb (1.1ms)
  Rendered /Users/jpcutler/.rvm/gems/ruby-1.9.2-p290@haml_nested_form/gems/actionpack-3.2.8/lib/action_dispatch/middleware/templates/rescues/_request_and_response.erb (1.0ms)
  Rendered /Users/jpcutler/.rvm/gems/ruby-1.9.2-p290@haml_nested_form/gems/actionpack-3.2.8/lib/action_dispatch/middleware/templates/rescues/diagnostics.erb within rescues/layout (9.1ms)


Started PUT "/users/1" for 127.0.0.1 at 2012-11-08 20:50:47 -0500
Processing by UsersController#update as HTML
  Parameters: {"utf8"=>"✓", "authenticity_token"=>"TpFXL8U/KkQyP5GSn3aPymOhy9W4iDQQOdyigGX/yYI=", "user"=>{"email"=>"foo", "password"=>"[FILTERED]", "addresses_attributes"=>{"1352425796395"=>{"address1"=>"test", "_destroy"=>"false"}}}, "commit"=>"Update User", "id"=>"1"}
  [1m[35mUser Load (0.1ms)[0m  SELECT "users".* FROM "users" WHERE "users"."id" = ? LIMIT 1  [["id", "1"]]
  [1m[36m (0.0ms)[0m  [1mbegin transaction[0m
  [1m[35mSQL (10.4ms)[0m  INSERT INTO "addresses" ("address1", "address2", "city", "country", "created_at", "state", "updated_at", "user_id", "zipcode") VALUES (?, ?, ?, ?, ?, ?, ?, ?, ?)  [["address1", "test"], ["address2", nil], ["city", nil], ["country", nil], ["created_at", Fri, 09 Nov 2012 01:50:47 UTC +00:00], ["state", nil], ["updated_at", Fri, 09 Nov 2012 01:50:47 UTC +00:00], ["user_id", 1], ["zipcode", nil]]
  [1m[36m (2.5ms)[0m  [1mcommit transaction[0m
Redirected to http://localhost:3000/users/1
Completed 302 Found in 34ms (ActiveRecord: 13.7ms)


Started GET "/users/1" for 127.0.0.1 at 2012-11-08 20:50:47 -0500
Processing by UsersController#show as HTML
  Parameters: {"id"=>"1"}
  [1m[35mUser Load (0.1ms)[0m  SELECT "users".* FROM "users" WHERE "users"."id" = ? LIMIT 1  [["id", "1"]]
  Rendered users/show.html.erb within layouts/application (1.1ms)
Completed 200 OK in 7ms (Views: 6.1ms | ActiveRecord: 0.1ms)


Started GET "/assets/application.css?body=1" for 127.0.0.1 at 2012-11-08 20:50:47 -0500
Served asset /application.css - 304 Not Modified (0ms)


Started GET "/assets/users.css?body=1" for 127.0.0.1 at 2012-11-08 20:50:47 -0500
Served asset /users.css - 304 Not Modified (0ms)


Started GET "/assets/jquery.js?body=1" for 127.0.0.1 at 2012-11-08 20:50:47 -0500
Served asset /jquery.js - 304 Not Modified (0ms)


Started GET "/assets/scaffolds.css?body=1" for 127.0.0.1 at 2012-11-08 20:50:47 -0500
Served asset /scaffolds.css - 304 Not Modified (0ms)


Started GET "/assets/jquery_ujs.js?body=1" for 127.0.0.1 at 2012-11-08 20:50:47 -0500
Served asset /jquery_ujs.js - 304 Not Modified (0ms)


Started GET "/assets/users.js?body=1" for 127.0.0.1 at 2012-11-08 20:50:47 -0500
Served asset /users.js - 304 Not Modified (0ms)


Started GET "/assets/jquery_nested_form.js?body=1" for 127.0.0.1 at 2012-11-08 20:50:47 -0500
Served asset /jquery_nested_form.js - 304 Not Modified (0ms)


Started GET "/assets/application.js?body=1" for 127.0.0.1 at 2012-11-08 20:50:47 -0500
Served asset /application.js - 304 Not Modified (0ms)


Started GET "/users/1/edit" for 127.0.0.1 at 2012-11-08 20:50:50 -0500
Processing by UsersController#edit as HTML
  Parameters: {"id"=>"1"}
  [1m[36mUser Load (0.1ms)[0m  [1mSELECT "users".* FROM "users" WHERE "users"."id" = ? LIMIT 1[0m  [["id", "1"]]
  [1m[35mAddress Load (0.1ms)[0m  SELECT "addresses".* FROM "addresses" WHERE "addresses"."user_id" = 1
  Rendered users/_form.html.erb (4.0ms)
  Rendered users/edit.html.erb within layouts/application (4.9ms)
Completed 200 OK in 10ms (Views: 9.2ms | ActiveRecord: 0.2ms)


Started GET "/assets/application.css?body=1" for 127.0.0.1 at 2012-11-08 20:50:50 -0500
Served asset /application.css - 304 Not Modified (0ms)


Started GET "/assets/scaffolds.css?body=1" for 127.0.0.1 at 2012-11-08 20:50:50 -0500
Served asset /scaffolds.css - 304 Not Modified (0ms)


Started GET "/assets/jquery.js?body=1" for 127.0.0.1 at 2012-11-08 20:50:50 -0500
Served asset /jquery.js - 304 Not Modified (0ms)


Started GET "/assets/users.css?body=1" for 127.0.0.1 at 2012-11-08 20:50:50 -0500
Served asset /users.css - 304 Not Modified (0ms)


Started GET "/assets/jquery_ujs.js?body=1" for 127.0.0.1 at 2012-11-08 20:50:50 -0500
Served asset /jquery_ujs.js - 304 Not Modified (0ms)


Started GET "/assets/users.js?body=1" for 127.0.0.1 at 2012-11-08 20:50:50 -0500
Served asset /users.js - 304 Not Modified (0ms)


Started GET "/assets/jquery_nested_form.js?body=1" for 127.0.0.1 at 2012-11-08 20:50:50 -0500
Served asset /jquery_nested_form.js - 304 Not Modified (0ms)


Started GET "/assets/application.js?body=1" for 127.0.0.1 at 2012-11-08 20:50:50 -0500
Served asset /application.js - 304 Not Modified (0ms)


Started PUT "/users/1" for 127.0.0.1 at 2012-11-08 20:51:02 -0500
Processing by UsersController#update as HTML
  Parameters: {"utf8"=>"✓", "authenticity_token"=>"TpFXL8U/KkQyP5GSn3aPymOhy9W4iDQQOdyigGX/yYI=", "user"=>{"email"=>"foo", "password"=>"[FILTERED]", "addresses_attributes"=>{"0"=>{"address1"=>"test", "_destroy"=>"false", "id"=>"1"}, "1352425856711"=>{"address1"=>"test2", "_destroy"=>"false"}}}, "commit"=>"Update User", "id"=>"1"}
  [1m[36mUser Load (0.2ms)[0m  [1mSELECT "users".* FROM "users" WHERE "users"."id" = ? LIMIT 1[0m  [["id", "1"]]
  [1m[35m (0.1ms)[0m  begin transaction
  [1m[36mAddress Load (0.2ms)[0m  [1mSELECT "addresses".* FROM "addresses" WHERE "addresses"."user_id" = 1 AND "addresses"."id" IN (1)[0m
  [1m[35mSQL (0.4ms)[0m  INSERT INTO "addresses" ("address1", "address2", "city", "country", "created_at", "state", "updated_at", "user_id", "zipcode") VALUES (?, ?, ?, ?, ?, ?, ?, ?, ?)  [["address1", "test2"], ["address2", nil], ["city", nil], ["country", nil], ["created_at", Fri, 09 Nov 2012 01:51:02 UTC +00:00], ["state", nil], ["updated_at", Fri, 09 Nov 2012 01:51:02 UTC +00:00], ["user_id", 1], ["zipcode", nil]]
  [1m[36m (1.0ms)[0m  [1mcommit transaction[0m
Redirected to http://localhost:3000/users/1
Completed 302 Found in 13ms (ActiveRecord: 1.9ms)


Started GET "/users/1" for 127.0.0.1 at 2012-11-08 20:51:02 -0500
Processing by UsersController#show as HTML
  Parameters: {"id"=>"1"}
  [1m[35mUser Load (0.1ms)[0m  SELECT "users".* FROM "users" WHERE "users"."id" = ? LIMIT 1  [["id", "1"]]
  Rendered users/show.html.erb within layouts/application (0.9ms)
Completed 200 OK in 9ms (Views: 7.4ms | ActiveRecord: 0.1ms)


Started GET "/assets/application.css?body=1" for 127.0.0.1 at 2012-11-08 20:51:02 -0500
Served asset /application.css - 304 Not Modified (0ms)


Started GET "/assets/scaffolds.css?body=1" for 127.0.0.1 at 2012-11-08 20:51:02 -0500
Served asset /scaffolds.css - 304 Not Modified (0ms)


Started GET "/assets/users.css?body=1" for 127.0.0.1 at 2012-11-08 20:51:02 -0500
Served asset /users.css - 304 Not Modified (0ms)


Started GET "/assets/jquery.js?body=1" for 127.0.0.1 at 2012-11-08 20:51:02 -0500
Served asset /jquery.js - 304 Not Modified (0ms)


Started GET "/assets/users.js?body=1" for 127.0.0.1 at 2012-11-08 20:51:02 -0500
Served asset /users.js - 304 Not Modified (0ms)


Started GET "/assets/jquery_ujs.js?body=1" for 127.0.0.1 at 2012-11-08 20:51:02 -0500
Served asset /jquery_ujs.js - 304 Not Modified (0ms)


Started GET "/assets/jquery_nested_form.js?body=1" for 127.0.0.1 at 2012-11-08 20:51:02 -0500
Served asset /jquery_nested_form.js - 304 Not Modified (0ms)


Started GET "/assets/application.js?body=1" for 127.0.0.1 at 2012-11-08 20:51:02 -0500
Served asset /application.js - 304 Not Modified (0ms)


Started GET "/users/1/edit" for 127.0.0.1 at 2012-11-08 20:51:04 -0500
Processing by UsersController#edit as HTML
  Parameters: {"id"=>"1"}
  [1m[36mUser Load (0.1ms)[0m  [1mSELECT "users".* FROM "users" WHERE "users"."id" = ? LIMIT 1[0m  [["id", "1"]]
  [1m[35mAddress Load (0.2ms)[0m  SELECT "addresses".* FROM "addresses" WHERE "addresses"."user_id" = 1
  Rendered users/_form.html.erb (4.3ms)
  Rendered users/edit.html.erb within layouts/application (5.3ms)
Completed 200 OK in 11ms (Views: 9.6ms | ActiveRecord: 0.3ms)


Started GET "/assets/application.css?body=1" for 127.0.0.1 at 2012-11-08 20:51:04 -0500
Served asset /application.css - 304 Not Modified (0ms)


Started GET "/assets/scaffolds.css?body=1" for 127.0.0.1 at 2012-11-08 20:51:04 -0500
Served asset /scaffolds.css - 304 Not Modified (0ms)


Started GET "/assets/users.css?body=1" for 127.0.0.1 at 2012-11-08 20:51:04 -0500
Served asset /users.css - 304 Not Modified (0ms)


Started GET "/assets/jquery_ujs.js?body=1" for 127.0.0.1 at 2012-11-08 20:51:04 -0500
Served asset /jquery_ujs.js - 304 Not Modified (0ms)


Started GET "/assets/users.js?body=1" for 127.0.0.1 at 2012-11-08 20:51:04 -0500
Served asset /users.js - 304 Not Modified (0ms)


Started GET "/assets/jquery.js?body=1" for 127.0.0.1 at 2012-11-08 20:51:04 -0500
Served asset /jquery.js - 304 Not Modified (0ms)


Started GET "/assets/jquery_nested_form.js?body=1" for 127.0.0.1 at 2012-11-08 20:51:04 -0500
Served asset /jquery_nested_form.js - 304 Not Modified (0ms)


Started GET "/assets/application.js?body=1" for 127.0.0.1 at 2012-11-08 20:51:04 -0500
Served asset /application.js - 304 Not Modified (0ms)


Started GET "/users/1/edit" for 127.0.0.1 at 2012-11-08 20:51:41 -0500
Processing by UsersController#edit as HTML
  Parameters: {"id"=>"1"}
  [1m[36mUser Load (0.1ms)[0m  [1mSELECT "users".* FROM "users" WHERE "users"."id" = ? LIMIT 1[0m  [["id", "1"]]
  [1m[35mAddress Load (0.2ms)[0m  SELECT "addresses".* FROM "addresses" WHERE "addresses"."user_id" = 1
  Rendered users/_form.html.erb (67.7ms)
  Rendered users/edit.html.erb within layouts/application (68.2ms)
Completed 500 Internal Server Error in 70ms

ActionView::Template::Error (undefined method `text_label' for #<NestedForm::Builder:0x00000104f2d690>):
    20:     <%= f.text_field :password %>
    21:   </div>
    22:   <%= f.fields_for :addresses do |address_form| %>
    23:     <%= address_form.text_label :address1 %>
    24:     <%= address_form.text_field :address1 %>
    25:     <%= address_form.link_to_remove "Remove" %>
    26:   <% end %>
  app/views/users/_form.html.erb:23:in `block (2 levels) in _app_views_users__form_html_erb___3145607619547728480_2202400440'
  app/views/users/_form.html.erb:22:in `block in _app_views_users__form_html_erb___3145607619547728480_2202400440'
  app/views/users/_form.html.erb:1:in `_app_views_users__form_html_erb___3145607619547728480_2202400440'
  app/views/users/edit.html.erb:3:in `_app_views_users_edit_html_erb___363071840619242391_2170582460'


  Rendered /Users/jpcutler/.rvm/gems/ruby-1.9.2-p290@haml_nested_form/gems/actionpack-3.2.8/lib/action_dispatch/middleware/templates/rescues/_trace.erb (1.3ms)
  Rendered /Users/jpcutler/.rvm/gems/ruby-1.9.2-p290@haml_nested_form/gems/actionpack-3.2.8/lib/action_dispatch/middleware/templates/rescues/_request_and_response.erb (0.8ms)
  Rendered /Users/jpcutler/.rvm/gems/ruby-1.9.2-p290@haml_nested_form/gems/actionpack-3.2.8/lib/action_dispatch/middleware/templates/rescues/template_error.erb within rescues/layout (7.8ms)


Started GET "/users/1/edit" for 127.0.0.1 at 2012-11-08 20:51:51 -0500
Processing by UsersController#edit as HTML
  Parameters: {"id"=>"1"}
  [1m[36mUser Load (0.1ms)[0m  [1mSELECT "users".* FROM "users" WHERE "users"."id" = ? LIMIT 1[0m  [["id", "1"]]
  [1m[35mAddress Load (0.1ms)[0m  SELECT "addresses".* FROM "addresses" WHERE "addresses"."user_id" = 1
  Rendered users/_form.html.erb (6.1ms)
  Rendered users/edit.html.erb within layouts/application (6.9ms)
Completed 200 OK in 12ms (Views: 10.8ms | ActiveRecord: 0.3ms)


Started GET "/assets/application.css?body=1" for 127.0.0.1 at 2012-11-08 20:51:51 -0500
Served asset /application.css - 304 Not Modified (0ms)


Started GET "/assets/scaffolds.css?body=1" for 127.0.0.1 at 2012-11-08 20:51:51 -0500
Served asset /scaffolds.css - 304 Not Modified (0ms)


Started GET "/assets/users.css?body=1" for 127.0.0.1 at 2012-11-08 20:51:51 -0500
Served asset /users.css - 304 Not Modified (0ms)


Started GET "/assets/jquery_ujs.js?body=1" for 127.0.0.1 at 2012-11-08 20:51:51 -0500
Served asset /jquery_ujs.js - 304 Not Modified (0ms)


Started GET "/assets/jquery.js?body=1" for 127.0.0.1 at 2012-11-08 20:51:51 -0500
Served asset /jquery.js - 304 Not Modified (0ms)


Started GET "/assets/users.js?body=1" for 127.0.0.1 at 2012-11-08 20:51:51 -0500
Served asset /users.js - 304 Not Modified (0ms)


Started GET "/assets/jquery_nested_form.js?body=1" for 127.0.0.1 at 2012-11-08 20:51:51 -0500
Served asset /jquery_nested_form.js - 304 Not Modified (0ms)


Started GET "/assets/application.js?body=1" for 127.0.0.1 at 2012-11-08 20:51:51 -0500
Served asset /application.js - 304 Not Modified (0ms)


Started GET "/users/1/edit" for 127.0.0.1 at 2012-11-08 20:58:55 -0500
Connecting to database specified by database.yml
Processing by UsersController#edit as HTML
  Parameters: {"id"=>"1"}
  [1m[36mUser Load (0.2ms)[0m  [1mSELECT "users".* FROM "users" WHERE "users"."id" = ? LIMIT 1[0m  [["id", "1"]]
  [1m[35mAddress Load (0.1ms)[0m  SELECT "addresses".* FROM "addresses" WHERE "addresses"."user_id" = 1
  Rendered users/_form.html.haml (79.4ms)
  Rendered users/edit.html.erb within layouts/application (86.5ms)
Completed 200 OK in 198ms (Views: 129.3ms | ActiveRecord: 23.5ms)


Started GET "/assets/application.css?body=1" for 127.0.0.1 at 2012-11-08 20:58:55 -0500
Served asset /application.css - 304 Not Modified (11ms)


Started GET "/assets/scaffolds.css?body=1" for 127.0.0.1 at 2012-11-08 20:58:55 -0500
Served asset /scaffolds.css - 304 Not Modified (1ms)


Started GET "/assets/users.css?body=1" for 127.0.0.1 at 2012-11-08 20:58:55 -0500
Served asset /users.css - 304 Not Modified (3ms)


Started GET "/assets/jquery_ujs.js?body=1" for 127.0.0.1 at 2012-11-08 20:58:55 -0500
Served asset /jquery_ujs.js - 304 Not Modified (2ms)


Started GET "/assets/jquery.js?body=1" for 127.0.0.1 at 2012-11-08 20:58:56 -0500
Served asset /jquery.js - 304 Not Modified (2ms)


Started GET "/assets/users.js?body=1" for 127.0.0.1 at 2012-11-08 20:58:56 -0500
Served asset /users.js - 304 Not Modified (1ms)


Started GET "/assets/jquery_nested_form.js?body=1" for 127.0.0.1 at 2012-11-08 20:58:56 -0500
Served asset /jquery_nested_form.js - 304 Not Modified (2ms)


Started GET "/assets/application.js?body=1" for 127.0.0.1 at 2012-11-08 20:58:56 -0500
Served asset /application.js - 304 Not Modified (6ms)


Started GET "/users/1/edit" for 127.0.0.1 at 2012-11-08 21:00:24 -0500
Processing by UsersController#edit as HTML
  Parameters: {"id"=>"1"}
  [1m[36mUser Load (0.1ms)[0m  [1mSELECT "users".* FROM "users" WHERE "users"."id" = ? LIMIT 1[0m  [["id", "1"]]
  [1m[35mAddress Load (0.2ms)[0m  SELECT "addresses".* FROM "addresses" WHERE "addresses"."user_id" = 1
  Rendered users/_address_fields.html.erb (0.2ms)
  Rendered users/_address_fields.html.erb (0.0ms)
  Rendered users/_address_fields.html.erb (0.0ms)
  Rendered users/_form.html.haml (9.7ms)
  Rendered users/edit.html.erb within layouts/application (10.6ms)
Completed 200 OK in 16ms (Views: 14.7ms | ActiveRecord: 0.3ms)


Started GET "/assets/application.css?body=1" for 127.0.0.1 at 2012-11-08 21:00:24 -0500
Served asset /application.css - 304 Not Modified (0ms)


Started GET "/assets/scaffolds.css?body=1" for 127.0.0.1 at 2012-11-08 21:00:24 -0500
Served asset /scaffolds.css - 304 Not Modified (0ms)


Started GET "/assets/users.css?body=1" for 127.0.0.1 at 2012-11-08 21:00:24 -0500
Served asset /users.css - 304 Not Modified (0ms)


Started GET "/assets/jquery.js?body=1" for 127.0.0.1 at 2012-11-08 21:00:24 -0500
Served asset /jquery.js - 304 Not Modified (0ms)


Started GET "/assets/jquery_ujs.js?body=1" for 127.0.0.1 at 2012-11-08 21:00:24 -0500
Served asset /jquery_ujs.js - 304 Not Modified (0ms)


Started GET "/assets/users.js?body=1" for 127.0.0.1 at 2012-11-08 21:00:24 -0500
Served asset /users.js - 304 Not Modified (0ms)


Started GET "/assets/jquery_nested_form.js?body=1" for 127.0.0.1 at 2012-11-08 21:00:24 -0500
Served asset /jquery_nested_form.js - 304 Not Modified (0ms)


Started GET "/assets/application.js?body=1" for 127.0.0.1 at 2012-11-08 21:00:24 -0500
Served asset /application.js - 304 Not Modified (0ms)


Started GET "/users/1/edit" for 127.0.0.1 at 2012-11-08 21:00:49 -0500
Processing by UsersController#edit as HTML
  Parameters: {"id"=>"1"}
  [1m[36mUser Load (0.1ms)[0m  [1mSELECT "users".* FROM "users" WHERE "users"."id" = ? LIMIT 1[0m  [["id", "1"]]
  [1m[35mAddress Load (0.2ms)[0m  SELECT "addresses".* FROM "addresses" WHERE "addresses"."user_id" = 1
  Rendered users/_address_fields.html.erb (1.0ms)
  Rendered users/_address_fields.html.erb (0.5ms)
  Rendered users/_address_fields.html.erb (0.5ms)
  Rendered users/_form.html.haml (8.7ms)
  Rendered users/edit.html.erb within layouts/application (9.7ms)
Completed 200 OK in 15ms (Views: 14.0ms | ActiveRecord: 0.3ms)


Started GET "/assets/application.css?body=1" for 127.0.0.1 at 2012-11-08 21:00:49 -0500
Served asset /application.css - 304 Not Modified (0ms)


Started GET "/assets/scaffolds.css?body=1" for 127.0.0.1 at 2012-11-08 21:00:49 -0500
Served asset /scaffolds.css - 304 Not Modified (0ms)


Started GET "/assets/users.css?body=1" for 127.0.0.1 at 2012-11-08 21:00:49 -0500
Served asset /users.css - 304 Not Modified (0ms)


Started GET "/assets/jquery_ujs.js?body=1" for 127.0.0.1 at 2012-11-08 21:00:49 -0500
Served asset /jquery_ujs.js - 304 Not Modified (0ms)


Started GET "/assets/users.js?body=1" for 127.0.0.1 at 2012-11-08 21:00:49 -0500
Served asset /users.js - 304 Not Modified (0ms)


Started GET "/assets/jquery.js?body=1" for 127.0.0.1 at 2012-11-08 21:00:49 -0500
Served asset /jquery.js - 304 Not Modified (0ms)


Started GET "/assets/jquery_nested_form.js?body=1" for 127.0.0.1 at 2012-11-08 21:00:49 -0500
Served asset /jquery_nested_form.js - 304 Not Modified (0ms)


Started GET "/assets/application.js?body=1" for 127.0.0.1 at 2012-11-08 21:00:49 -0500
Served asset /application.js - 304 Not Modified (0ms)


Started GET "/users/1/edit" for 127.0.0.1 at 2012-11-08 21:01:46 -0500
Processing by UsersController#edit as HTML
  Parameters: {"id"=>"1"}
  [1m[36mUser Load (0.1ms)[0m  [1mSELECT "users".* FROM "users" WHERE "users"."id" = ? LIMIT 1[0m  [["id", "1"]]
  [1m[35mAddress Load (0.1ms)[0m  SELECT "addresses".* FROM "addresses" WHERE "addresses"."user_id" = 1
  Rendered users/_address_fields.html.erb (1.0ms)
  Rendered users/_address_fields.html.erb (0.5ms)
  Rendered users/_address_fields.html.erb (0.5ms)
  Rendered users/_form.html.haml (8.6ms)
  Rendered users/edit.html.erb within layouts/application (9.5ms)
Completed 200 OK in 15ms (Views: 13.8ms | ActiveRecord: 0.2ms)


Started GET "/assets/scaffolds.css?body=1" for 127.0.0.1 at 2012-11-08 21:01:46 -0500
Served asset /scaffolds.css - 304 Not Modified (0ms)


Started GET "/assets/application.css?body=1" for 127.0.0.1 at 2012-11-08 21:01:46 -0500
Served asset /application.css - 304 Not Modified (0ms)


Started GET "/assets/users.css?body=1" for 127.0.0.1 at 2012-11-08 21:01:46 -0500
Served asset /users.css - 304 Not Modified (0ms)


Started GET "/assets/jquery.js?body=1" for 127.0.0.1 at 2012-11-08 21:01:46 -0500
Served asset /jquery.js - 304 Not Modified (0ms)


Started GET "/assets/jquery_ujs.js?body=1" for 127.0.0.1 at 2012-11-08 21:01:46 -0500
Served asset /jquery_ujs.js - 304 Not Modified (0ms)


Started GET "/assets/users.js?body=1" for 127.0.0.1 at 2012-11-08 21:01:46 -0500
Served asset /users.js - 304 Not Modified (0ms)


Started GET "/assets/jquery_nested_form.js?body=1" for 127.0.0.1 at 2012-11-08 21:01:46 -0500
Served asset /jquery_nested_form.js - 304 Not Modified (0ms)


Started GET "/assets/application.js?body=1" for 127.0.0.1 at 2012-11-08 21:01:46 -0500
Served asset /application.js - 304 Not Modified (0ms)


Started GET "/users/1/edit" for 127.0.0.1 at 2012-11-08 21:02:46 -0500
Processing by UsersController#edit as HTML
  Parameters: {"id"=>"1"}
  [1m[36mUser Load (0.1ms)[0m  [1mSELECT "users".* FROM "users" WHERE "users"."id" = ? LIMIT 1[0m  [["id", "1"]]
  [1m[35mAddress Load (0.1ms)[0m  SELECT "addresses".* FROM "addresses" WHERE "addresses"."user_id" = 1
  Rendered users/_address_fields.html.erb (0.9ms)
  Rendered users/_address_fields.html.erb (0.5ms)
  Rendered users/_address_fields.html.erb (0.5ms)
  Rendered users/_form.html.haml (8.6ms)
  Rendered users/edit.html.erb within layouts/application (9.6ms)
Completed 200 OK in 15ms (Views: 13.8ms | ActiveRecord: 0.3ms)


Started GET "/assets/application.css?body=1" for 127.0.0.1 at 2012-11-08 21:02:46 -0500
Served asset /application.css - 304 Not Modified (0ms)


Started GET "/assets/scaffolds.css?body=1" for 127.0.0.1 at 2012-11-08 21:02:46 -0500
Served asset /scaffolds.css - 304 Not Modified (0ms)


Started GET "/assets/users.css?body=1" for 127.0.0.1 at 2012-11-08 21:02:46 -0500
Served asset /users.css - 304 Not Modified (0ms)


Started GET "/assets/jquery.js?body=1" for 127.0.0.1 at 2012-11-08 21:02:46 -0500
Served asset /jquery.js - 304 Not Modified (0ms)


Started GET "/assets/jquery_ujs.js?body=1" for 127.0.0.1 at 2012-11-08 21:02:46 -0500
Served asset /jquery_ujs.js - 304 Not Modified (0ms)


Started GET "/assets/users.js?body=1" for 127.0.0.1 at 2012-11-08 21:02:46 -0500
Served asset /users.js - 304 Not Modified (0ms)


Started GET "/assets/jquery_nested_form.js?body=1" for 127.0.0.1 at 2012-11-08 21:02:46 -0500
Served asset /jquery_nested_form.js - 304 Not Modified (0ms)


Started GET "/assets/application.js?body=1" for 127.0.0.1 at 2012-11-08 21:02:46 -0500
Served asset /application.js - 304 Not Modified (0ms)


Started GET "/users/1/edit" for 127.0.0.1 at 2012-11-08 21:02:47 -0500
Processing by UsersController#edit as HTML
  Parameters: {"id"=>"1"}
  [1m[36mUser Load (0.1ms)[0m  [1mSELECT "users".* FROM "users" WHERE "users"."id" = ? LIMIT 1[0m  [["id", "1"]]
  [1m[35mAddress Load (0.2ms)[0m  SELECT "addresses".* FROM "addresses" WHERE "addresses"."user_id" = 1
  Rendered users/_address_fields.html.erb (0.7ms)
  Rendered users/_address_fields.html.erb (0.5ms)
  Rendered users/_address_fields.html.erb (0.5ms)
  Rendered users/_form.html.haml (8.2ms)
  Rendered users/edit.html.erb within layouts/application (9.2ms)
Completed 200 OK in 15ms (Views: 13.4ms | ActiveRecord: 0.3ms)


Started GET "/assets/application.css?body=1" for 127.0.0.1 at 2012-11-08 21:02:47 -0500
Served asset /application.css - 304 Not Modified (0ms)


Started GET "/assets/scaffolds.css?body=1" for 127.0.0.1 at 2012-11-08 21:02:47 -0500
Served asset /scaffolds.css - 304 Not Modified (0ms)


Started GET "/assets/users.css?body=1" for 127.0.0.1 at 2012-11-08 21:02:47 -0500
Served asset /users.css - 304 Not Modified (0ms)


Started GET "/assets/jquery_ujs.js?body=1" for 127.0.0.1 at 2012-11-08 21:02:47 -0500
Served asset /jquery_ujs.js - 304 Not Modified (0ms)


Started GET "/assets/jquery.js?body=1" for 127.0.0.1 at 2012-11-08 21:02:47 -0500
Served asset /jquery.js - 304 Not Modified (0ms)


Started GET "/assets/users.js?body=1" for 127.0.0.1 at 2012-11-08 21:02:47 -0500
Served asset /users.js - 304 Not Modified (0ms)


Started GET "/assets/jquery_nested_form.js?body=1" for 127.0.0.1 at 2012-11-08 21:02:47 -0500
Served asset /jquery_nested_form.js - 304 Not Modified (0ms)


Started GET "/assets/application.js?body=1" for 127.0.0.1 at 2012-11-08 21:02:47 -0500
Served asset /application.js - 304 Not Modified (0ms)


Started GET "/users/1/edit" for 127.0.0.1 at 2012-11-08 21:03:34 -0500
Processing by UsersController#edit as HTML
  Parameters: {"id"=>"1"}
  [1m[36mUser Load (0.1ms)[0m  [1mSELECT "users".* FROM "users" WHERE "users"."id" = ? LIMIT 1[0m  [["id", "1"]]
  [1m[35mAddress Load (0.1ms)[0m  SELECT "addresses".* FROM "addresses" WHERE "addresses"."user_id" = 1
  Rendered users/_address_fields.html.haml (19.9ms)
  Rendered users/_form.html.haml (23.6ms)
  Rendered users/edit.html.erb within layouts/application (24.1ms)
Completed 500 Internal Server Error in 26ms

ActionView::Template::Error (undefined local variable or method `address_form' for #<#<Class:0x00000106e6f2d8>:0x00000106fee7f8>):
    1: = address_form.label :address1
    2: = address_form.text_field :address1
    3: = address_form.link_to_remove "Remove"
  app/views/users/_address_fields.html.haml:1:in `_app_views_users__address_fields_html_haml___3694389724443172911_2205912880'
  app/views/users/_form.html.haml:16:in `block in _app_views_users__form_html_haml___968851724494947847_2176030560'
  app/views/users/_form.html.haml:1:in `_app_views_users__form_html_haml___968851724494947847_2176030560'
  app/views/users/edit.html.erb:3:in `_app_views_users_edit_html_erb__3044519857228579465_2204480200'


  Rendered /Users/jpcutler/.rvm/gems/ruby-1.9.2-p290@haml_nested_form/gems/actionpack-3.2.8/lib/action_dispatch/middleware/templates/rescues/_trace.erb (1.1ms)
  Rendered /Users/jpcutler/.rvm/gems/ruby-1.9.2-p290@haml_nested_form/gems/actionpack-3.2.8/lib/action_dispatch/middleware/templates/rescues/_request_and_response.erb (0.7ms)
  Rendered /Users/jpcutler/.rvm/gems/ruby-1.9.2-p290@haml_nested_form/gems/actionpack-3.2.8/lib/action_dispatch/middleware/templates/rescues/template_error.erb within rescues/layout (8.2ms)


Started GET "/users/1/edit" for 127.0.0.1 at 2012-11-08 21:03:54 -0500
Processing by UsersController#edit as HTML
  Parameters: {"id"=>"1"}
  [1m[36mUser Load (0.1ms)[0m  [1mSELECT "users".* FROM "users" WHERE "users"."id" = ? LIMIT 1[0m  [["id", "1"]]
  [1m[35mAddress Load (0.1ms)[0m  SELECT "addresses".* FROM "addresses" WHERE "addresses"."user_id" = 1
  Rendered users/_address_fields.html.haml (1.5ms)
  Rendered users/_address_fields.html.haml (0.5ms)
  Rendered users/_address_fields.html.haml (0.6ms)
  Rendered users/_form.html.haml (9.0ms)
  Rendered users/edit.html.erb within layouts/application (9.9ms)
Completed 200 OK in 15ms (Views: 14.0ms | ActiveRecord: 0.3ms)


Started GET "/assets/application.css?body=1" for 127.0.0.1 at 2012-11-08 21:03:54 -0500
Served asset /application.css - 304 Not Modified (0ms)


Started GET "/assets/scaffolds.css?body=1" for 127.0.0.1 at 2012-11-08 21:03:54 -0500
Served asset /scaffolds.css - 304 Not Modified (0ms)


Started GET "/assets/users.css?body=1" for 127.0.0.1 at 2012-11-08 21:03:54 -0500
Served asset /users.css - 304 Not Modified (0ms)


Started GET "/assets/jquery.js?body=1" for 127.0.0.1 at 2012-11-08 21:03:54 -0500
Served asset /jquery.js - 304 Not Modified (0ms)


Started GET "/assets/jquery_ujs.js?body=1" for 127.0.0.1 at 2012-11-08 21:03:54 -0500
Served asset /jquery_ujs.js - 304 Not Modified (0ms)


Started GET "/assets/users.js?body=1" for 127.0.0.1 at 2012-11-08 21:03:54 -0500
Served asset /users.js - 304 Not Modified (0ms)


Started GET "/assets/jquery_nested_form.js?body=1" for 127.0.0.1 at 2012-11-08 21:03:54 -0500
Served asset /jquery_nested_form.js - 304 Not Modified (0ms)


Started GET "/assets/application.js?body=1" for 127.0.0.1 at 2012-11-08 21:03:54 -0500
Served asset /application.js - 304 Not Modified (0ms)


Started GET "/users/1/edit" for 127.0.0.1 at 2012-11-08 21:05:04 -0500
Processing by UsersController#edit as HTML
  Parameters: {"id"=>"1"}
  [1m[36mUser Load (0.1ms)[0m  [1mSELECT "users".* FROM "users" WHERE "users"."id" = ? LIMIT 1[0m  [["id", "1"]]
  [1m[35mAddress Load (0.2ms)[0m  SELECT "addresses".* FROM "addresses" WHERE "addresses"."user_id" = 1
  Rendered users/_address_fields.html.haml (0.7ms)
  Rendered users/_address_fields.html.haml (0.6ms)
  Rendered users/_address_fields.html.haml (0.6ms)
  Rendered users/_form.html.haml (8.8ms)
  Rendered users/edit.html.erb within layouts/application (9.7ms)
Completed 200 OK in 15ms (Views: 13.9ms | ActiveRecord: 0.3ms)


Started GET "/assets/application.css?body=1" for 127.0.0.1 at 2012-11-08 21:05:04 -0500
Served asset /application.css - 304 Not Modified (0ms)


Started GET "/assets/scaffolds.css?body=1" for 127.0.0.1 at 2012-11-08 21:05:04 -0500
Served asset /scaffolds.css - 304 Not Modified (0ms)


Started GET "/assets/users.css?body=1" for 127.0.0.1 at 2012-11-08 21:05:04 -0500
Served asset /users.css - 304 Not Modified (0ms)


Started GET "/assets/jquery.js?body=1" for 127.0.0.1 at 2012-11-08 21:05:04 -0500
Served asset /jquery.js - 304 Not Modified (0ms)


Started GET "/assets/jquery_ujs.js?body=1" for 127.0.0.1 at 2012-11-08 21:05:04 -0500
Served asset /jquery_ujs.js - 304 Not Modified (0ms)


Started GET "/assets/users.js?body=1" for 127.0.0.1 at 2012-11-08 21:05:04 -0500
Served asset /users.js - 304 Not Modified (0ms)


Started GET "/assets/jquery_nested_form.js?body=1" for 127.0.0.1 at 2012-11-08 21:05:04 -0500
Served asset /jquery_nested_form.js - 304 Not Modified (0ms)


Started GET "/assets/application.js?body=1" for 127.0.0.1 at 2012-11-08 21:05:04 -0500
Served asset /application.js - 304 Not Modified (0ms)


Started GET "/assets/rails.png" for 127.0.0.1 at 2012-11-08 21:05:48 -0500
Served asset /rails.png - 304 Not Modified (1ms)


Started GET "/" for 127.0.0.1 at 2012-11-08 21:06:05 -0500
Processing by UsersController#index as HTML
  [1m[36mUser Load (0.1ms)[0m  [1mSELECT "users".* FROM "users" [0m
  Rendered users/index.html.erb within layouts/application (2.1ms)
Completed 200 OK in 12ms (Views: 6.9ms | ActiveRecord: 0.5ms)


Started GET "/assets/application.css?body=1" for 127.0.0.1 at 2012-11-08 21:06:05 -0500
Served asset /application.css - 304 Not Modified (0ms)


Started GET "/assets/scaffolds.css?body=1" for 127.0.0.1 at 2012-11-08 21:06:05 -0500
Served asset /scaffolds.css - 304 Not Modified (0ms)


Started GET "/assets/users.css?body=1" for 127.0.0.1 at 2012-11-08 21:06:05 -0500
Served asset /users.css - 304 Not Modified (0ms)


Started GET "/assets/jquery.js?body=1" for 127.0.0.1 at 2012-11-08 21:06:05 -0500
Served asset /jquery.js - 304 Not Modified (0ms)


Started GET "/assets/jquery_ujs.js?body=1" for 127.0.0.1 at 2012-11-08 21:06:05 -0500
Served asset /jquery_ujs.js - 304 Not Modified (0ms)


Started GET "/assets/jquery_nested_form.js?body=1" for 127.0.0.1 at 2012-11-08 21:06:05 -0500
Served asset /jquery_nested_form.js - 304 Not Modified (0ms)


Started GET "/assets/users.js?body=1" for 127.0.0.1 at 2012-11-08 21:06:05 -0500
Served asset /users.js - 304 Not Modified (0ms)


Started GET "/assets/application.js?body=1" for 127.0.0.1 at 2012-11-08 21:06:05 -0500
Served asset /application.js - 304 Not Modified (0ms)


Started GET "/users/new" for 127.0.0.1 at 2012-11-08 21:06:08 -0500
Processing by UsersController#new as HTML
  Rendered users/_address_fields.html.haml (1.3ms)
  Rendered users/_form.html.haml (14.9ms)
  Rendered users/new.html.erb within layouts/application (16.0ms)
Completed 200 OK in 21ms (Views: 20.3ms | ActiveRecord: 0.3ms)


Started GET "/assets/users.css?body=1" for 127.0.0.1 at 2012-11-08 21:06:08 -0500
Served asset /users.css - 304 Not Modified (0ms)


Started GET "/assets/scaffolds.css?body=1" for 127.0.0.1 at 2012-11-08 21:06:08 -0500
Served asset /scaffolds.css - 304 Not Modified (0ms)


Started GET "/assets/application.css?body=1" for 127.0.0.1 at 2012-11-08 21:06:08 -0500
Served asset /application.css - 304 Not Modified (0ms)


Started GET "/assets/jquery_ujs.js?body=1" for 127.0.0.1 at 2012-11-08 21:06:08 -0500
Served asset /jquery_ujs.js - 304 Not Modified (0ms)


Started GET "/assets/users.js?body=1" for 127.0.0.1 at 2012-11-08 21:06:08 -0500
Served asset /users.js - 304 Not Modified (0ms)


Started GET "/assets/jquery.js?body=1" for 127.0.0.1 at 2012-11-08 21:06:08 -0500
Served asset /jquery.js - 304 Not Modified (0ms)


Started GET "/assets/jquery_nested_form.js?body=1" for 127.0.0.1 at 2012-11-08 21:06:08 -0500
Served asset /jquery_nested_form.js - 304 Not Modified (0ms)


Started GET "/assets/application.js?body=1" for 127.0.0.1 at 2012-11-08 21:06:08 -0500
Served asset /application.js - 304 Not Modified (0ms)


Started POST "/users" for 127.0.0.1 at 2012-11-08 21:06:22 -0500
Processing by UsersController#create as HTML
  Parameters: {"utf8"=>"✓", "authenticity_token"=>"TpFXL8U/KkQyP5GSn3aPymOhy9W4iDQQOdyigGX/yYI=", "user"=>{"email"=>"test", "password"=>"[FILTERED]"}, "commit"=>"Create User"}
  [1m[35m (0.1ms)[0m  begin transaction
  [1m[36mSQL (10.5ms)[0m  [1mINSERT INTO "users" ("created_at", "email", "password", "updated_at") VALUES (?, ?, ?, ?)[0m  [["created_at", Fri, 09 Nov 2012 02:06:22 UTC +00:00], ["email", "test"], ["password", "test"], ["updated_at", Fri, 09 Nov 2012 02:06:22 UTC +00:00]]
  [1m[35m (1.2ms)[0m  commit transaction
Redirected to http://localhost:3000/users/2
Completed 302 Found in 15ms (ActiveRecord: 11.8ms)


Started GET "/users/2" for 127.0.0.1 at 2012-11-08 21:06:22 -0500
Processing by UsersController#show as HTML
  Parameters: {"id"=>"2"}
  [1m[36mUser Load (0.2ms)[0m  [1mSELECT "users".* FROM "users" WHERE "users"."id" = ? LIMIT 1[0m  [["id", "2"]]
  Rendered users/show.html.erb within layouts/application (0.9ms)
Completed 200 OK in 7ms (Views: 5.5ms | ActiveRecord: 0.2ms)


Started GET "/assets/application.css?body=1" for 127.0.0.1 at 2012-11-08 21:06:22 -0500
Served asset /application.css - 304 Not Modified (0ms)


Started GET "/assets/scaffolds.css?body=1" for 127.0.0.1 at 2012-11-08 21:06:22 -0500
Served asset /scaffolds.css - 304 Not Modified (0ms)


Started GET "/assets/users.css?body=1" for 127.0.0.1 at 2012-11-08 21:06:22 -0500
Served asset /users.css - 304 Not Modified (0ms)


Started GET "/assets/jquery_ujs.js?body=1" for 127.0.0.1 at 2012-11-08 21:06:22 -0500
Served asset /jquery_ujs.js - 304 Not Modified (0ms)


Started GET "/assets/jquery.js?body=1" for 127.0.0.1 at 2012-11-08 21:06:22 -0500
Served asset /jquery.js - 304 Not Modified (0ms)


Started GET "/assets/users.js?body=1" for 127.0.0.1 at 2012-11-08 21:06:22 -0500
Served asset /users.js - 304 Not Modified (0ms)


Started GET "/assets/jquery_nested_form.js?body=1" for 127.0.0.1 at 2012-11-08 21:06:22 -0500
Served asset /jquery_nested_form.js - 304 Not Modified (0ms)


Started GET "/assets/application.js?body=1" for 127.0.0.1 at 2012-11-08 21:06:22 -0500
Served asset /application.js - 304 Not Modified (0ms)


Started GET "/users/2/edit" for 127.0.0.1 at 2012-11-08 21:06:25 -0500
Processing by UsersController#edit as HTML
  Parameters: {"id"=>"2"}
  [1m[35mUser Load (0.1ms)[0m  SELECT "users".* FROM "users" WHERE "users"."id" = ? LIMIT 1  [["id", "2"]]
  [1m[36mAddress Load (0.1ms)[0m  [1mSELECT "addresses".* FROM "addresses" WHERE "addresses"."user_id" = 2[0m
  Rendered users/_address_fields.html.haml (0.7ms)
  Rendered users/_form.html.haml (5.2ms)
  Rendered users/edit.html.erb within layouts/application (6.1ms)
Completed 200 OK in 12ms (Views: 10.3ms | ActiveRecord: 0.3ms)


Started GET "/assets/users.css?body=1" for 127.0.0.1 at 2012-11-08 21:06:25 -0500
Served asset /users.css - 304 Not Modified (0ms)


Started GET "/assets/application.css?body=1" for 127.0.0.1 at 2012-11-08 21:06:25 -0500
Served asset /application.css - 304 Not Modified (0ms)


Started GET "/assets/jquery.js?body=1" for 127.0.0.1 at 2012-11-08 21:06:25 -0500
Served asset /jquery.js - 304 Not Modified (0ms)


Started GET "/assets/jquery_ujs.js?body=1" for 127.0.0.1 at 2012-11-08 21:06:25 -0500
Served asset /jquery_ujs.js - 304 Not Modified (0ms)


Started GET "/assets/users.js?body=1" for 127.0.0.1 at 2012-11-08 21:06:25 -0500
Served asset /users.js - 304 Not Modified (0ms)


Started GET "/assets/scaffolds.css?body=1" for 127.0.0.1 at 2012-11-08 21:06:25 -0500
Served asset /scaffolds.css - 304 Not Modified (0ms)


Started GET "/assets/jquery_nested_form.js?body=1" for 127.0.0.1 at 2012-11-08 21:06:25 -0500
Served asset /jquery_nested_form.js - 304 Not Modified (0ms)


Started GET "/assets/application.js?body=1" for 127.0.0.1 at 2012-11-08 21:06:25 -0500
Served asset /application.js - 304 Not Modified (0ms)


Started GET "/users" for 127.0.0.1 at 2012-11-08 21:06:30 -0500
Processing by UsersController#index as HTML
  [1m[35mUser Load (0.2ms)[0m  SELECT "users".* FROM "users" 
  Rendered users/index.html.erb within layouts/application (1.7ms)
Completed 200 OK in 7ms (Views: 6.3ms | ActiveRecord: 0.2ms)


Started GET "/assets/application.css?body=1" for 127.0.0.1 at 2012-11-08 21:06:30 -0500
Served asset /application.css - 304 Not Modified (0ms)


Started GET "/assets/scaffolds.css?body=1" for 127.0.0.1 at 2012-11-08 21:06:30 -0500
Served asset /scaffolds.css - 304 Not Modified (0ms)


Started GET "/assets/users.css?body=1" for 127.0.0.1 at 2012-11-08 21:06:30 -0500
Served asset /users.css - 304 Not Modified (0ms)


Started GET "/assets/jquery.js?body=1" for 127.0.0.1 at 2012-11-08 21:06:30 -0500
Served asset /jquery.js - 304 Not Modified (0ms)


Started GET "/assets/users.js?body=1" for 127.0.0.1 at 2012-11-08 21:06:30 -0500
Served asset /users.js - 304 Not Modified (0ms)


Started GET "/assets/jquery_ujs.js?body=1" for 127.0.0.1 at 2012-11-08 21:06:30 -0500
Served asset /jquery_ujs.js - 304 Not Modified (0ms)


Started GET "/assets/jquery_nested_form.js?body=1" for 127.0.0.1 at 2012-11-08 21:06:30 -0500
Served asset /jquery_nested_form.js - 304 Not Modified (0ms)


Started GET "/assets/application.js?body=1" for 127.0.0.1 at 2012-11-08 21:06:30 -0500
Served asset /application.js - 304 Not Modified (0ms)


Started GET "/users/2/edit" for 127.0.0.1 at 2012-11-08 21:06:33 -0500
Processing by UsersController#edit as HTML
  Parameters: {"id"=>"2"}
  [1m[36mUser Load (0.1ms)[0m  [1mSELECT "users".* FROM "users" WHERE "users"."id" = ? LIMIT 1[0m  [["id", "2"]]
  [1m[35mAddress Load (0.1ms)[0m  SELECT "addresses".* FROM "addresses" WHERE "addresses"."user_id" = 2
  Rendered users/_address_fields.html.haml (0.7ms)
  Rendered users/_form.html.haml (5.2ms)
  Rendered users/edit.html.erb within layouts/application (6.3ms)
Completed 200 OK in 12ms (Views: 10.6ms | ActiveRecord: 0.3ms)


Started GET "/assets/application.css?body=1" for 127.0.0.1 at 2012-11-08 21:06:33 -0500
Served asset /application.css - 304 Not Modified (0ms)


Started GET "/assets/scaffolds.css?body=1" for 127.0.0.1 at 2012-11-08 21:06:33 -0500
Served asset /scaffolds.css - 304 Not Modified (0ms)


Started GET "/assets/users.css?body=1" for 127.0.0.1 at 2012-11-08 21:06:33 -0500
Served asset /users.css - 304 Not Modified (0ms)


Started GET "/assets/jquery.js?body=1" for 127.0.0.1 at 2012-11-08 21:06:33 -0500
Served asset /jquery.js - 304 Not Modified (0ms)


Started GET "/assets/jquery_ujs.js?body=1" for 127.0.0.1 at 2012-11-08 21:06:33 -0500
Served asset /jquery_ujs.js - 304 Not Modified (0ms)


Started GET "/assets/users.js?body=1" for 127.0.0.1 at 2012-11-08 21:06:33 -0500
Served asset /users.js - 304 Not Modified (0ms)


Started GET "/assets/jquery_nested_form.js?body=1" for 127.0.0.1 at 2012-11-08 21:06:33 -0500
Served asset /jquery_nested_form.js - 304 Not Modified (0ms)


Started GET "/assets/application.js?body=1" for 127.0.0.1 at 2012-11-08 21:06:33 -0500
Served asset /application.js - 304 Not Modified (0ms)


Started GET "/users" for 127.0.0.1 at 2012-11-08 21:06:37 -0500
Processing by UsersController#index as HTML
  [1m[36mUser Load (0.2ms)[0m  [1mSELECT "users".* FROM "users" [0m
  Rendered users/index.html.erb within layouts/application (2.0ms)
Completed 200 OK in 8ms (Views: 6.8ms | ActiveRecord: 0.2ms)


Started GET "/assets/application.css?body=1" for 127.0.0.1 at 2012-11-08 21:06:37 -0500
Served asset /application.css - 304 Not Modified (0ms)


Started GET "/assets/users.css?body=1" for 127.0.0.1 at 2012-11-08 21:06:37 -0500
Served asset /users.css - 304 Not Modified (0ms)


Started GET "/assets/scaffolds.css?body=1" for 127.0.0.1 at 2012-11-08 21:06:37 -0500
Served asset /scaffolds.css - 304 Not Modified (0ms)


Started GET "/assets/jquery.js?body=1" for 127.0.0.1 at 2012-11-08 21:06:37 -0500
Served asset /jquery.js - 304 Not Modified (0ms)


Started GET "/assets/jquery_ujs.js?body=1" for 127.0.0.1 at 2012-11-08 21:06:37 -0500
Served asset /jquery_ujs.js - 304 Not Modified (0ms)


Started GET "/assets/users.js?body=1" for 127.0.0.1 at 2012-11-08 21:06:37 -0500
Served asset /users.js - 304 Not Modified (0ms)


Started GET "/assets/jquery_nested_form.js?body=1" for 127.0.0.1 at 2012-11-08 21:06:37 -0500
Served asset /jquery_nested_form.js - 304 Not Modified (0ms)


Started GET "/assets/application.js?body=1" for 127.0.0.1 at 2012-11-08 21:06:37 -0500
Served asset /application.js - 304 Not Modified (0ms)


Started GET "/users/1/edit" for 127.0.0.1 at 2012-11-08 21:06:39 -0500
Processing by UsersController#edit as HTML
  Parameters: {"id"=>"1"}
  [1m[35mUser Load (0.1ms)[0m  SELECT "users".* FROM "users" WHERE "users"."id" = ? LIMIT 1  [["id", "1"]]
  [1m[36mAddress Load (0.1ms)[0m  [1mSELECT "addresses".* FROM "addresses" WHERE "addresses"."user_id" = 1[0m
  Rendered users/_address_fields.html.haml (0.7ms)
  Rendered users/_address_fields.html.haml (0.5ms)
  Rendered users/_address_fields.html.haml (0.6ms)
  Rendered users/_form.html.haml (8.7ms)
  Rendered users/edit.html.erb within layouts/application (9.7ms)
Completed 200 OK in 15ms (Views: 14.2ms | ActiveRecord: 0.3ms)


Started GET "/assets/application.css?body=1" for 127.0.0.1 at 2012-11-08 21:06:39 -0500
Served asset /application.css - 304 Not Modified (0ms)


Started GET "/assets/users.css?body=1" for 127.0.0.1 at 2012-11-08 21:06:39 -0500
Served asset /users.css - 304 Not Modified (0ms)


Started GET "/assets/jquery.js?body=1" for 127.0.0.1 at 2012-11-08 21:06:39 -0500
Served asset /jquery.js - 304 Not Modified (0ms)


Started GET "/assets/jquery_ujs.js?body=1" for 127.0.0.1 at 2012-11-08 21:06:39 -0500
Served asset /jquery_ujs.js - 304 Not Modified (0ms)


Started GET "/assets/users.js?body=1" for 127.0.0.1 at 2012-11-08 21:06:39 -0500
Served asset /users.js - 304 Not Modified (0ms)


Started GET "/assets/scaffolds.css?body=1" for 127.0.0.1 at 2012-11-08 21:06:39 -0500
Served asset /scaffolds.css - 304 Not Modified (0ms)


Started GET "/assets/jquery_nested_form.js?body=1" for 127.0.0.1 at 2012-11-08 21:06:39 -0500
Served asset /jquery_nested_form.js - 304 Not Modified (0ms)


Started GET "/assets/application.js?body=1" for 127.0.0.1 at 2012-11-08 21:06:39 -0500
Served asset /application.js - 304 Not Modified (0ms)


Started GET "/" for 127.0.0.1 at 2012-11-09 09:44:37 -0500
Connecting to database specified by database.yml
Processing by UsersController#index as HTML
  [1m[36mUser Load (0.1ms)[0m  [1mSELECT "users".* FROM "users" [0m
  Rendered users/index.html.erb within layouts/application (3.2ms)
Completed 200 OK in 165ms (Views: 88.3ms | ActiveRecord: 6.0ms)


Started GET "/assets/application.css?body=1" for 127.0.0.1 at 2012-11-09 09:44:38 -0500
Served asset /application.css - 304 Not Modified (11ms)


Started GET "/assets/scaffolds.css?body=1" for 127.0.0.1 at 2012-11-09 09:44:38 -0500
Served asset /scaffolds.css - 304 Not Modified (2ms)


Started GET "/assets/jquery_ujs.js?body=1" for 127.0.0.1 at 2012-11-09 09:44:38 -0500
Served asset /jquery_ujs.js - 304 Not Modified (2ms)


Started GET "/assets/jquery.js?body=1" for 127.0.0.1 at 2012-11-09 09:44:38 -0500
Served asset /jquery.js - 304 Not Modified (2ms)


Started GET "/assets/users.js?body=1" for 127.0.0.1 at 2012-11-09 09:44:38 -0500
Served asset /users.js - 304 Not Modified (2ms)


Started GET "/assets/users.css?body=1" for 127.0.0.1 at 2012-11-09 09:44:38 -0500
Served asset /users.css - 304 Not Modified (1ms)


Started GET "/assets/jquery_nested_form.js?body=1" for 127.0.0.1 at 2012-11-09 09:44:38 -0500
Served asset /jquery_nested_form.js - 304 Not Modified (2ms)


Started GET "/assets/application.js?body=1" for 127.0.0.1 at 2012-11-09 09:44:38 -0500
Served asset /application.js - 304 Not Modified (7ms)


Started GET "/users/1/edit" for 127.0.0.1 at 2012-11-09 09:44:41 -0500
Processing by UsersController#edit as HTML
  Parameters: {"id"=>"1"}
  [1m[35mUser Load (0.2ms)[0m  SELECT "users".* FROM "users" WHERE "users"."id" = ? LIMIT 1  [["id", "1"]]
  [1m[36mAddress Load (0.2ms)[0m  [1mSELECT "addresses".* FROM "addresses" WHERE "addresses"."user_id" = 1[0m
  Rendered users/_address_fields.html.haml (2.2ms)
  Rendered users/_address_fields.html.haml (0.6ms)
  Rendered users/_address_fields.html.haml (0.6ms)
  Rendered users/_form.html.haml (179.3ms)
  Rendered users/edit.html.erb within layouts/application (187.3ms)
Completed 200 OK in 194ms (Views: 191.5ms | ActiveRecord: 0.7ms)


Started GET "/assets/application.css?body=1" for 127.0.0.1 at 2012-11-09 09:44:41 -0500
Served asset /application.css - 304 Not Modified (0ms)


Started GET "/assets/jquery.js?body=1" for 127.0.0.1 at 2012-11-09 09:44:41 -0500
Served asset /jquery.js - 304 Not Modified (0ms)


Started GET "/assets/scaffolds.css?body=1" for 127.0.0.1 at 2012-11-09 09:44:41 -0500
Served asset /scaffolds.css - 304 Not Modified (0ms)


Started GET "/assets/jquery_ujs.js?body=1" for 127.0.0.1 at 2012-11-09 09:44:42 -0500
Served asset /jquery_ujs.js - 304 Not Modified (0ms)


Started GET "/assets/users.js?body=1" for 127.0.0.1 at 2012-11-09 09:44:42 -0500
Served asset /users.js - 304 Not Modified (0ms)


Started GET "/assets/users.css?body=1" for 127.0.0.1 at 2012-11-09 09:44:42 -0500
Served asset /users.css - 304 Not Modified (0ms)


Started GET "/assets/jquery_nested_form.js?body=1" for 127.0.0.1 at 2012-11-09 09:44:42 -0500
Served asset /jquery_nested_form.js - 304 Not Modified (0ms)


Started GET "/assets/application.js?body=1" for 127.0.0.1 at 2012-11-09 09:44:42 -0500
Served asset /application.js - 304 Not Modified (0ms)


Started GET "/users/1/edit" for 127.0.0.1 at 2012-11-09 09:48:36 -0500
Connecting to database specified by database.yml
Processing by UsersController#edit as HTML
  Parameters: {"id"=>"1"}
  [1m[36mUser Load (0.2ms)[0m  [1mSELECT "users".* FROM "users" WHERE "users"."id" = ? LIMIT 1[0m  [["id", "1"]]
  [1m[35mAddress Load (0.1ms)[0m  SELECT "addresses".* FROM "addresses" WHERE "addresses"."user_id" = 1
  Rendered users/_address_fields.html.haml (2.1ms)
  Rendered users/_address_fields.html.haml (0.5ms)
  Rendered users/_address_fields.html.haml (0.6ms)
  Rendered users/_form.html.haml (83.2ms)
  Rendered users/edit.html.erb within layouts/application (90.4ms)
Completed 200 OK in 202ms (Views: 151.2ms | ActiveRecord: 6.2ms)


Started GET "/assets/application.css?body=1" for 127.0.0.1 at 2012-11-09 09:48:37 -0500
Served asset /application.css - 304 Not Modified (8ms)


Started GET "/assets/scaffolds.css?body=1" for 127.0.0.1 at 2012-11-09 09:48:37 -0500
Served asset /scaffolds.css - 304 Not Modified (2ms)


Started GET "/assets/jquery.js?body=1" for 127.0.0.1 at 2012-11-09 09:48:37 -0500
Served asset /jquery.js - 304 Not Modified (7ms)


Started GET "/assets/users.css?body=1" for 127.0.0.1 at 2012-11-09 09:48:37 -0500
Served asset /users.css - 304 Not Modified (1ms)


Started GET "/assets/jquery_ujs.js?body=1" for 127.0.0.1 at 2012-11-09 09:48:37 -0500
Served asset /jquery_ujs.js - 304 Not Modified (2ms)


Started GET "/assets/users.js?body=1" for 127.0.0.1 at 2012-11-09 09:48:37 -0500
Served asset /users.js - 304 Not Modified (1ms)


Started GET "/assets/jquery_nested_form.js?body=1" for 127.0.0.1 at 2012-11-09 09:48:37 -0500
Served asset /jquery_nested_form.js - 304 Not Modified (3ms)


Started GET "/assets/application.js?body=1" for 127.0.0.1 at 2012-11-09 09:48:37 -0500
Served asset /application.js - 304 Not Modified (7ms)
